STRG.12.1 gene=STRG.12 ('AACACTTAAATTGCA', 15)
STRG.12.1 gene=STRG.12 ('TTGTTAGGTACAAAT', 15)
STRG.12.1 gene=STRG.12 ('TGTGCGAAATTTGC', 14)
STRG.12.1 gene=STRG.12 ('ACACTTAAATTGCA', 14)
STRG.12.1 gene=STRG.12 ('TGTTAGGTACAAAT', 14)
STRG.12.1 gene=STRG.12 ('GAAGAGCAGAAAA', 13)
STRG.12.1 gene=STRG.12 ('GTGCGAAATTTGC', 13)
STRG.12.1 gene=STRG.12 ('ATTTGCCAGCTGC', 13)
STRG.12.1 gene=STRG.12 ('GAAATATTTTCAG', 13)
STRG.12.1 gene=STRG.12 ('CACTTAAATTGCA', 13)
STRG.12.1 gene=STRG.12 ('GTTAGGTACAAAT', 13)
STRG.12.1 gene=STRG.12 ('TTCAGTTGAGACA', 13)
STRG.12.1 gene=STRG.12 ('GATTTGTCTACC', 12)
STRG.12.1 gene=STRG.12 ('AAGAGCAGAAAA', 12)
STRG.12.1 gene=STRG.12 ('TGCGAAATTTGC', 12)
STRG.12.1 gene=STRG.12 ('TTTGCCAGCTGC', 12)
STRG.12.1 gene=STRG.12 ('AAATGAAAATGT', 12)
STRG.12.1 gene=STRG.12 ('AAATATTTTCAG', 12)
STRG.12.1 gene=STRG.12 ('AAATTGCAAAAA', 12)
STRG.12.1 gene=STRG.12 ('ACTTAAATTGCA', 12)
STRG.12.1 gene=STRG.12 ('CATCGATATTGT', 12)
STRG.12.1 gene=STRG.12 ('TTAGGTACAAAT', 12)
STRG.12.1 gene=STRG.12 ('AATGCTTAACAC', 12)
STRG.12.1 gene=STRG.12 ('TCAGTTGAGACA', 12)
STRG.12.1 gene=STRG.12 ('CCAGGATTTGG', 11)
STRG.12.1 gene=STRG.12 ('ATGTGGACGTC', 11)
STRG.12.1 gene=STRG.12 ('ATTTGTCTACC', 11)
STRG.12.1 gene=STRG.12 ('AAACAACAACA', 11)
STRG.12.1 gene=STRG.12 ('GGCTGTGGATG', 11)
STRG.12.1 gene=STRG.12 ('AATTTTGATTA', 11)
STRG.12.1 gene=STRG.12 ('GGCCAAAGGCT', 11)
STRG.12.1 gene=STRG.12 ('GGCCTTTTGTT', 11)
STRG.12.1 gene=STRG.12 ('AGAGCAGAAAA', 11)
STRG.12.1 gene=STRG.12 ('GCGAAATTTGC', 11)
STRG.12.1 gene=STRG.12 ('TATAGGCAAAC', 11)
STRG.12.1 gene=STRG.12 ('GCGGGGTGTGC', 11)
STRG.12.1 gene=STRG.12 ('ATGTGGAAAAC', 11)
STRG.12.1 gene=STRG.12 ('TGGTGTCTATA', 11)
STRG.12.1 gene=STRG.12 ('TTGCCAGCTGC', 11)
STRG.12.1 gene=STRG.12 ('AATTATAATTA', 11)
STRG.12.1 gene=STRG.12 ('CATTTTGGCAT', 11)
STRG.12.1 gene=STRG.12 ('CAAAAGCGCAT', 11)
STRG.12.1 gene=STRG.12 ('TGCGAAATTTG', 11)
STRG.12.1 gene=STRG.12 ('AGAAAAAGAAA', 11)
STRG.12.1 gene=STRG.12 ('ATACCCTGCTC', 11)
STRG.12.1 gene=STRG.12 ('CCTCCAAGTCG', 11)
STRG.12.1 gene=STRG.12 ('TGTGGAAAACG', 11)
STRG.12.1 gene=STRG.12 ('AATGAAAATGT', 11)
STRG.12.1 gene=STRG.12 ('AATATTTTCAG', 11)
STRG.12.1 gene=STRG.12 ('AATCCAAAAGC', 11)
STRG.12.1 gene=STRG.12 ('GCTGGGCAAAA', 11)
STRG.12.1 gene=STRG.12 ('CCATTTAAATG', 11)
STRG.12.1 gene=STRG.12 ('AACAAAGAAGC', 11)
STRG.12.1 gene=STRG.12 ('GTCGAGTGGCA', 11)
STRG.12.1 gene=STRG.12 ('GGTGTGCGAAA', 11)
STRG.12.1 gene=STRG.12 ('AATTGCAAAAA', 11)
STRG.12.1 gene=STRG.12 ('TTGATTACTAA', 11)
STRG.12.1 gene=STRG.12 ('TTCTGGCGATT', 11)
STRG.12.1 gene=STRG.12 ('TGAATTTTGAT', 11)
STRG.12.1 gene=STRG.12 ('CATTGCACACG', 11)
STRG.12.1 gene=STRG.12 ('CCCAGACGTGC', 11)
STRG.12.1 gene=STRG.12 ('TGGAAAAACTG', 11)
STRG.12.1 gene=STRG.12 ('GAGGCTGTCAA', 11)
STRG.12.1 gene=STRG.12 ('CTTAAATTGCA', 11)
STRG.12.1 gene=STRG.12 ('ATCGATATTGT', 11)
STRG.12.1 gene=STRG.12 ('TAGGTACAAAT', 11)
STRG.12.1 gene=STRG.12 ('ATGCTTAACAC', 11)
STRG.12.1 gene=STRG.12 ('AAAAGACCCCC', 11)
STRG.12.1 gene=STRG.12 ('CCATTTAAATG', 11)
STRG.12.1 gene=STRG.12 ('GCATTTTGGCA', 11)
STRG.12.1 gene=STRG.12 ('CAGTTGAGACA', 11)
STRG.12.1 gene=STRG.12 ('AGTTCTTCATC', 11)
STRG.24.1 gene=STRG.24 ('AGGATTTGGATTT', 13)
STRG.24.1 gene=STRG.24 ('GGATTTGGATTT', 12)
STRG.24.1 gene=STRG.24 ('TCAAGAAGGAGA', 12)
STRG.24.1 gene=STRG.24 ('GGGAAATGGTAG', 12)
STRG.24.1 gene=STRG.24 ('TGCTCCCTCCTC', 12)
STRG.24.1 gene=STRG.24 ('CTGAAGACGACA', 12)
STRG.24.1 gene=STRG.24 ('AGGACAAAAAGG', 12)
STRG.24.1 gene=STRG.24 ('TCGTAATTGCTC', 12)
STRG.24.1 gene=STRG.24 ('GTCCTGGCCAAA', 12)
STRG.24.1 gene=STRG.24 ('TTCCATTTCCCC', 12)
STRG.24.1 gene=STRG.24 ('TACTTCGATAAT', 12)
STRG.24.1 gene=STRG.24 ('ATGTTGTCTGCA', 12)
STRG.24.1 gene=STRG.24 ('GATTTGGATTT', 11)
STRG.24.1 gene=STRG.24 ('GAAAGATCATG', 11)
STRG.24.1 gene=STRG.24 ('GAAGAAGATGA', 11)
STRG.24.1 gene=STRG.24 ('CAAGAAGGAGA', 11)
STRG.24.1 gene=STRG.24 ('GTTTAATTTTT', 11)
STRG.24.1 gene=STRG.24 ('TAAATACATTT', 11)
STRG.24.1 gene=STRG.24 ('GGAAATGGTAG', 11)
STRG.24.1 gene=STRG.24 ('CGTGGCAACCT', 11)
STRG.24.1 gene=STRG.24 ('TGTGTGTGGCA', 11)
STRG.24.1 gene=STRG.24 ('AACCCAAAAAG', 11)
STRG.24.1 gene=STRG.24 ('ACTTTCGCTGC', 11)
STRG.24.1 gene=STRG.24 ('TCCCCAAAAGC', 11)
STRG.24.1 gene=STRG.24 ('CCCCAAAAGCG', 11)
STRG.24.1 gene=STRG.24 ('CCCAAAAGCGA', 11)
STRG.24.1 gene=STRG.24 ('GAAGCGGAAAC', 11)
STRG.24.1 gene=STRG.24 ('GAGGCGGTGGC', 11)
STRG.24.1 gene=STRG.24 ('CGTGGTGGCCG', 11)
STRG.24.1 gene=STRG.24 ('AGTGGAGGCGG', 11)
STRG.24.1 gene=STRG.24 ('GCTCCCTCCTC', 11)
STRG.24.1 gene=STRG.24 ('TGAAGACGACA', 11)
STRG.24.1 gene=STRG.24 ('GGACAAAAAGG', 11)
STRG.24.1 gene=STRG.24 ('CCACAGCCAAA', 11)
STRG.24.1 gene=STRG.24 ('TGTGTGTGGCA', 11)
STRG.24.1 gene=STRG.24 ('AGAGGCGGTGG', 11)
STRG.24.1 gene=STRG.24 ('TGGAGGCGGGG', 11)
STRG.24.1 gene=STRG.24 ('GGAAGGTGGGC', 11)
STRG.24.1 gene=STRG.24 ('CCACCACCACC', 11)
STRG.24.1 gene=STRG.24 ('CAAAAAAACAA', 11)
STRG.24.1 gene=STRG.24 ('GATAATCATCA', 11)
STRG.24.1 gene=STRG.24 ('TATAAATATTA', 11)
STRG.24.1 gene=STRG.24 ('CCAGAAGAACC', 11)
STRG.24.1 gene=STRG.24 ('CGTAATTGCTC', 11)
STRG.24.1 gene=STRG.24 ('TCCTGGCCAAA', 11)
STRG.24.1 gene=STRG.24 ('CCTGCCACCTG', 11)
STRG.24.1 gene=STRG.24 ('TCCATTTCCCC', 11)
STRG.24.1 gene=STRG.24 ('AACAATCAGCA', 11)
STRG.24.1 gene=STRG.24 ('ACTTCGATAAT', 11)
STRG.24.1 gene=STRG.24 ('TGGATGTGTGT', 11)
STRG.24.1 gene=STRG.24 ('CAGGAGAGGAA', 11)
STRG.24.1 gene=STRG.24 ('GCGGAGCCCAA', 11)
STRG.24.1 gene=STRG.24 ('ATTTCCTGCTG', 11)
STRG.24.1 gene=STRG.24 ('TGTTGTCTGCA', 11)
STRG.24.1 gene=STRG.24 ('GTTAGTTGTAA', 11)
STRG.24.1 gene=STRG.24 ('CCAGCTCCTGT', 11)
STRG.11.1 gene=STRG.11 ('TTGTGTGTTTACTT', 14)
STRG.11.1 gene=STRG.11 ('TGTGTGTTTACTT', 13)
STRG.11.1 gene=STRG.11 ('CGTTTAATGAGC', 12)
STRG.11.1 gene=STRG.11 ('AGGACGAGGAGC', 12)
STRG.11.1 gene=STRG.11 ('GTGTGTTTACTT', 12)
STRG.11.1 gene=STRG.11 ('GATTTGTTGTG', 11)
STRG.11.1 gene=STRG.11 ('GTTTAATGAGC', 11)
STRG.11.1 gene=STRG.11 ('AGGACGACGAC', 11)
STRG.11.1 gene=STRG.11 ('CGACGACGATG', 11)
STRG.11.1 gene=STRG.11 ('CCACCAGCACA', 11)
STRG.11.1 gene=STRG.11 ('GGACGAGGAGC', 11)
STRG.11.1 gene=STRG.11 ('CAACAAACGCA', 11)
STRG.11.1 gene=STRG.11 ('TGGCCAGCACC', 11)
STRG.11.1 gene=STRG.11 ('ATTTCGGGTTT', 11)
STRG.11.1 gene=STRG.11 ('GAGCGCGTGAC', 11)
STRG.11.1 gene=STRG.11 ('AACAAACGCAG', 11)
STRG.11.1 gene=STRG.11 ('CAGCTACCTGC', 11)
STRG.11.1 gene=STRG.11 ('TCAAATGAAGC', 11)
STRG.11.1 gene=STRG.11 ('ATTTCGGGTTT', 11)
STRG.11.1 gene=STRG.11 ('TAGTCCTTCAG', 11)
STRG.11.1 gene=STRG.11 ('TTGTGTGTTTA', 11)
STRG.11.1 gene=STRG.11 ('CCGTCTTTAAT', 11)
STRG.11.1 gene=STRG.11 ('GGAATTTCGGG', 11)
STRG.11.1 gene=STRG.11 ('TCTTTAATCGT', 11)
STRG.11.1 gene=STRG.11 ('GACAGCTCCGT', 11)
STRG.11.1 gene=STRG.11 ('CCATCTGGCCA', 11)
STRG.11.1 gene=STRG.11 ('GTGTGTTTACT', 11)
STRG.11.1 gene=STRG.11 ('TGTGTTTACTT', 11)
STRG.11.1 gene=STRG.11 ('CAGGGAGGCAG', 11)
STRG.20.3 gene=STRG.20 ('AATGGAGCGACAGGGA', 16)
STRG.20.3 gene=STRG.20 ('GCAACAGCAACAACAG', 16)
STRG.20.3 gene=STRG.20 ('AAGAAAAACAATTGC', 15)
STRG.20.3 gene=STRG.20 ('ATGGAGCGACAGGGA', 15)
STRG.20.3 gene=STRG.20 ('ATGCAAGTCCTGGCG', 15)
STRG.20.3 gene=STRG.20 ('AGTTCCAGTAGCAGC', 15)
STRG.20.3 gene=STRG.20 ('GGACCAAGTTCAAA', 14)
STRG.20.3 gene=STRG.20 ('AGAAAAACAATTGC', 14)
STRG.20.3 gene=STRG.20 ('TGGAGCGACAGGGA', 14)
STRG.20.3 gene=STRG.20 ('GGCAACAACAACAA', 14)
STRG.20.3 gene=STRG.20 ('TGCAAGTCCTGGCG', 14)
STRG.20.3 gene=STRG.20 ('AACAGCAGCAGCAG', 14)
STRG.20.3 gene=STRG.20 ('CAGCAGCAGCAGCA', 14)
STRG.20.3 gene=STRG.20 ('GTTCCAGTAGCAGC', 14)
STRG.20.3 gene=STRG.20 ('GCAGCAGCAGCAGC', 14)
STRG.20.3 gene=STRG.20 ('ACCACACCCACAGC', 14)
STRG.20.3 gene=STRG.20 ('GCAGCAGCAGCAGC', 14)
STRG.20.3 gene=STRG.20 ('GACCAAGTTCAAA', 13)
STRG.20.3 gene=STRG.20 ('GGAACTGGCGGCG', 13)
STRG.20.3 gene=STRG.20 ('ATGAGCAGCAATG', 13)
STRG.20.3 gene=STRG.20 ('GAAAAACAATTGC', 13)
STRG.20.3 gene=STRG.20 ('TATTTATATAATT', 13)
STRG.20.3 gene=STRG.20 ('TTGCATACTTAAT', 13)
STRG.20.3 gene=STRG.20 ('GGAGCGACAGGGA', 13)
STRG.20.3 gene=STRG.20 ('GCAACAGCAACAA', 13)
STRG.20.3 gene=STRG.20 ('CAAATTGCGAGAA', 13)
STRG.20.3 gene=STRG.20 ('GCAACAACAACAA', 13)
STRG.20.3 gene=STRG.20 ('GCAACAACAACAG', 13)
STRG.20.3 gene=STRG.20 ('GCAAGTCCTGGCG', 13)
STRG.20.3 gene=STRG.20 ('ACAGCAGCAGCAG', 13)
STRG.20.3 gene=STRG.20 ('CAGCAGCAGCTGC', 13)
STRG.20.3 gene=STRG.20 ('TTCCAGTAGCAGC', 13)
STRG.20.3 gene=STRG.20 ('CCACACCCACAGC', 13)
STRG.20.3 gene=STRG.20 ('AACAACAATGCAA', 13)
STRG.20.3 gene=STRG.20 ('GAAACAAAGTGCT', 13)
STRG.20.3 gene=STRG.20 ('TTTGGAGAAAACG', 13)
STRG.20.3 gene=STRG.20 ('AAACCACACCCAC', 13)
STRG.20.3 gene=STRG.20 ('ATAAATATATAAA', 13)
STRG.20.3 gene=STRG.20 ('TTTTTAATTAAAT', 13)
STRG.20.3 gene=STRG.20 ('AAGGAAGAGGGAG', 13)
STRG.20.3 gene=STRG.20 ('TGGAGTGGGAAAG', 13)
STRG.20.3 gene=STRG.20 ('GAACAACAAACAA', 13)
STRG.20.3 gene=STRG.20 ('TTCTTCTGCTTCG', 13)
STRG.20.3 gene=STRG.20 ('TTTAGCTGAAATG', 13)
STRG.20.3 gene=STRG.20 ('ATATGTTGTATAC', 13)
STRG.20.3 gene=STRG.20 ('GTTTGGCTGGCT', 12)
STRG.20.3 gene=STRG.20 ('AATCGAAAAGGA', 12)
STRG.20.3 gene=STRG.20 ('GAAATGGAATAA', 12)
STRG.20.3 gene=STRG.20 ('ACCAAGTTCAAA', 12)
STRG.20.3 gene=STRG.20 ('TTCTGCAGCTGC', 12)
STRG.20.3 gene=STRG.20 ('GAACTGGCGGCG', 12)
STRG.20.3 gene=STRG.20 ('AGCAAAAGTGGT', 12)
STRG.20.3 gene=STRG.20 ('TGAGCAGCAATG', 12)
STRG.20.3 gene=STRG.20 ('CGGAGGAACGGA', 12)
STRG.20.3 gene=STRG.20 ('AAAAACAATTGC', 12)
STRG.20.3 gene=STRG.20 ('ATTTATATAATT', 12)
STRG.20.3 gene=STRG.20 ('AGAAAACTGTTC', 12)
STRG.20.3 gene=STRG.20 ('TAGCCGCGCTTC', 12)
STRG.20.3 gene=STRG.20 ('CCTTCCCTGACC', 12)
STRG.20.3 gene=STRG.20 ('GATAAATAAATA', 12)
STRG.20.3 gene=STRG.20 ('CGGCAGCTGCAG', 12)
STRG.20.3 gene=STRG.20 ('TGCATACTTAAT', 12)
STRG.20.3 gene=STRG.20 ('AAAAAAAAAGCA', 12)
STRG.20.3 gene=STRG.20 ('AGTGGAGCCAGC', 12)
STRG.20.3 gene=STRG.20 ('GAGCGACAGGGA', 12)
STRG.20.3 gene=STRG.20 ('AAACCATTTTCC', 12)
STRG.20.3 gene=STRG.20 ('AGCAGGTGGAAA', 12)
STRG.20.3 gene=STRG.20 ('CAACAGCAACAC', 12)
STRG.20.3 gene=STRG.20 ('CAACAGCAACAA', 12)
STRG.20.3 gene=STRG.20 ('CAGCAACAACAA', 12)
STRG.20.3 gene=STRG.20 ('CAACAACAGAAA', 12)
STRG.20.3 gene=STRG.20 ('CGCACTTTATGA', 12)
STRG.20.3 gene=STRG.20 ('AGGCAACAACAA', 12)
STRG.20.3 gene=STRG.20 ('CCAGCAGTCAAA', 12)
STRG.20.3 gene=STRG.20 ('AAGCAGCAGCAA', 12)
STRG.20.3 gene=STRG.20 ('CTGAATCCGTAT', 12)
STRG.20.3 gene=STRG.20 ('CGGCAGCTGCAG', 12)
STRG.20.3 gene=STRG.20 ('AACAATAAACAA', 12)
STRG.20.3 gene=STRG.20 ('AAATTGCGAGAA', 12)
STRG.20.3 gene=STRG.20 ('ACAACAAACAAA', 12)
STRG.20.3 gene=STRG.20 ('GCAACAGCAACA', 12)
STRG.20.3 gene=STRG.20 ('CAACAACAACAA', 12)
STRG.20.3 gene=STRG.20 ('AGGACAACCGCC', 12)
STRG.20.3 gene=STRG.20 ('CAAGTCCTGGCG', 12)
STRG.20.3 gene=STRG.20 ('AGCAGCAGCTGC', 12)
STRG.20.3 gene=STRG.20 ('GCAGCTGCAGCA', 12)
STRG.20.3 gene=STRG.20 ('TCCAGTAGCAGC', 12)
STRG.20.3 gene=STRG.20 ('GCAGCAGCAGCT', 12)
STRG.20.3 gene=STRG.20 ('GCAGCAGCAGCT', 12)
STRG.20.3 gene=STRG.20 ('GCAGCAGCAGCT', 12)
STRG.20.3 gene=STRG.20 ('AAAATCCAGTCA', 12)
STRG.20.3 gene=STRG.20 ('AAGGCAGAGAAG', 12)
STRG.20.3 gene=STRG.20 ('CACACCCACAGC', 12)
STRG.20.3 gene=STRG.20 ('GATTTCCATTCC', 12)
STRG.20.3 gene=STRG.20 ('ACAACAATGCAA', 12)
STRG.20.3 gene=STRG.20 ('GCAGCAGACATG', 12)
STRG.20.3 gene=STRG.20 ('AAACAAAGTGCT', 12)
STRG.20.3 gene=STRG.20 ('TTGGAGAAAACG', 12)
STRG.20.3 gene=STRG.20 ('AATTTTTTAATT', 12)
STRG.20.3 gene=STRG.20 ('AACCACACCCAC', 12)
STRG.20.3 gene=STRG.20 ('CTTCAGCAGCTT', 12)
STRG.20.3 gene=STRG.20 ('ATAATTTAATTG', 12)
STRG.20.3 gene=STRG.20 ('GCAGCAGCAGCT', 12)
STRG.20.3 gene=STRG.20 ('GCAGCAGCAGCT', 12)
STRG.20.3 gene=STRG.20 ('TAAATATATAAA', 12)
STRG.20.3 gene=STRG.20 ('TTTTAATTAAAT', 12)
STRG.20.3 gene=STRG.20 ('CTGCTGCAACTC', 12)
STRG.20.3 gene=STRG.20 ('AAGAAATCGAAA', 12)
STRG.20.3 gene=STRG.20 ('AGGAAGAGGGAG', 12)
STRG.20.3 gene=STRG.20 ('CTTAACTGTTTT', 12)
STRG.20.3 gene=STRG.20 ('GTGGCCATGTGT', 12)
STRG.20.3 gene=STRG.20 ('CAAGCAGCAGAA', 12)
STRG.20.3 gene=STRG.20 ('CAGCTGCACTGG', 12)
STRG.20.3 gene=STRG.20 ('CAGCAGCAACAG', 12)
STRG.20.3 gene=STRG.20 ('ATCTGAGTGGCT', 12)
STRG.20.3 gene=STRG.20 ('GGAGTGGGAAAG', 12)
STRG.20.3 gene=STRG.20 ('GGGAAGTGGCAA', 12)
STRG.20.3 gene=STRG.20 ('ATTGCCGTGTGT', 12)
STRG.20.3 gene=STRG.20 ('GAGTGGCTCCTC', 12)
STRG.20.3 gene=STRG.20 ('CCAACGGCTGCA', 12)
STRG.20.3 gene=STRG.20 ('AACAACAAACAA', 12)
STRG.20.3 gene=STRG.20 ('CACATGCAGCAA', 12)
STRG.20.3 gene=STRG.20 ('TCTTCTGCTTCG', 12)
STRG.20.3 gene=STRG.20 ('TTAGCTGAAATG', 12)
STRG.20.3 gene=STRG.20 ('TATGTTGTATAC', 12)
STRG.20.3 gene=STRG.20 ('CCCATGACTTAC', 12)
STRG.20.3 gene=STRG.20 ('TCCCACACCCAA', 12)
STRG.20.3 gene=STRG.20 ('ACAAATTCCTGG', 12)
STRG.20.3 gene=STRG.20 ('TGCTGTGGCAGC', 12)
STRG.20.3 gene=STRG.20 ('CACACAAAAAAA', 12)
STRG.20.3 gene=STRG.20 ('TAAAAAATAAAT', 12)
STRG.20.3 gene=STRG.20 ('ATAAATTTTAAA', 12)
STRG.20.3 gene=STRG.20 ('TTTGGCTGGCT', 11)
STRG.20.3 gene=STRG.20 ('ATCGAAAAGGA', 11)
STRG.20.3 gene=STRG.20 ('GCTAATGGCGC', 11)
STRG.20.3 gene=STRG.20 ('CCGCAAATGAA', 11)
STRG.20.3 gene=STRG.20 ('AAATGGAATAA', 11)
STRG.20.3 gene=STRG.20 ('CCAAGTTCAAA', 11)
STRG.20.3 gene=STRG.20 ('AAGGCGGCAGC', 11)
STRG.20.3 gene=STRG.20 ('TCTGCAGCTGC', 11)
STRG.20.3 gene=STRG.20 ('TGCGAGAAGTC', 11)
STRG.20.3 gene=STRG.20 ('AACTGGCGGCG', 11)
STRG.20.3 gene=STRG.20 ('GCATCCGGAGG', 11)
STRG.20.3 gene=STRG.20 ('GACGTCAAGGT', 11)
STRG.20.3 gene=STRG.20 ('ATCTGAGTGGC', 11)
STRG.20.3 gene=STRG.20 ('GTTCCTGATGG', 11)
STRG.20.3 gene=STRG.20 ('GCAAAAGTGGT', 11)
STRG.20.3 gene=STRG.20 ('AGAACCCCAAT', 11)
STRG.20.3 gene=STRG.20 ('GAAGCAACAAC', 11)
STRG.20.3 gene=STRG.20 ('GCGGGTTTAAA', 11)
STRG.20.3 gene=STRG.20 ('GAGCAGCAATG', 11)
STRG.20.3 gene=STRG.20 ('AACAACAACAA', 11)
STRG.20.3 gene=STRG.20 ('AGGAATGTGAA', 11)
STRG.20.3 gene=STRG.20 ('GGAGGAACGGA', 11)
STRG.20.3 gene=STRG.20 ('AATCTTGCAGG', 11)
STRG.20.3 gene=STRG.20 ('TCGCTGGCTGC', 11)
STRG.20.3 gene=STRG.20 ('AAAACAATTGC', 11)
STRG.20.3 gene=STRG.20 ('ACAATTTATTT', 11)
STRG.20.3 gene=STRG.20 ('TTTATATAATT', 11)
STRG.20.3 gene=STRG.20 ('TAAACAAAACA', 11)
STRG.20.3 gene=STRG.20 ('AGATGCGGATG', 11)
STRG.20.3 gene=STRG.20 ('TTTATTTTGAG', 11)
STRG.20.3 gene=STRG.20 ('GGATCCAAAGT', 11)
STRG.20.3 gene=STRG.20 ('AGCCGCGCTTC', 11)
STRG.20.3 gene=STRG.20 ('GTTCAGCAAGC', 11)
STRG.20.3 gene=STRG.20 ('GTAATTTTGAT', 11)
STRG.20.3 gene=STRG.20 ('GGTTCCGCATA', 11)
STRG.20.3 gene=STRG.20 ('TCTGCAGCTGC', 11)
STRG.20.3 gene=STRG.20 ('CTTCCCTGACC', 11)
STRG.20.3 gene=STRG.20 ('AAAAGCCAAGT', 11)
STRG.20.3 gene=STRG.20 ('CTCAGTCGCTG', 11)
STRG.20.3 gene=STRG.20 ('AACAAACAAAA', 11)
STRG.20.3 gene=STRG.20 ('ATAAATAAATA', 11)
STRG.20.3 gene=STRG.20 ('ATCTGGCGCAT', 11)
STRG.20.3 gene=STRG.20 ('CCTGCCCCCCG', 11)
STRG.20.3 gene=STRG.20 ('GGCAGCTGCAG', 11)
STRG.20.3 gene=STRG.20 ('TGCAGCTGCTG', 11)
STRG.20.3 gene=STRG.20 ('GCATACTTAAT', 11)
STRG.20.3 gene=STRG.20 ('AAAAAAAAGCA', 11)
STRG.20.3 gene=STRG.20 ('AAAAAATGGAA', 11)
STRG.20.3 gene=STRG.20 ('CTGCAGCTGCT', 11)
STRG.20.3 gene=STRG.20 ('GTGGAGCCAGC', 11)
STRG.20.3 gene=STRG.20 ('AGCGACAGGGA', 11)
STRG.20.3 gene=STRG.20 ('AACCATTTTCC', 11)
STRG.20.3 gene=STRG.20 ('CATAATTAAAA', 11)
STRG.20.3 gene=STRG.20 ('GCAGGTGGAAA', 11)
STRG.20.3 gene=STRG.20 ('TAATTATTTAT', 11)
STRG.20.3 gene=STRG.20 ('CAACAGCAACA', 11)
STRG.20.3 gene=STRG.20 ('AACAGCAACAA', 11)
STRG.20.3 gene=STRG.20 ('AACAGCAACAA', 11)
STRG.20.3 gene=STRG.20 ('ACAGCAACAAC', 11)
STRG.20.3 gene=STRG.20 ('ACAGCAACAAC', 11)
STRG.20.3 gene=STRG.20 ('CAGCAACAACA', 11)
STRG.20.3 gene=STRG.20 ('CAGCAACAACA', 11)
STRG.20.3 gene=STRG.20 ('AGCAACAACAG', 11)
STRG.20.3 gene=STRG.20 ('AGCAACAACAG', 11)
STRG.20.3 gene=STRG.20 ('AGCAACAACAG', 11)
STRG.20.3 gene=STRG.20 ('AACAACAGAAA', 11)
STRG.20.3 gene=STRG.20 ('TGTGTGTCCCA', 11)
STRG.20.3 gene=STRG.20 ('ATCAATGCTGC', 11)
STRG.20.3 gene=STRG.20 ('CATTTTCCACA', 11)
STRG.20.3 gene=STRG.20 ('GTCGCAATCAA', 11)
STRG.20.3 gene=STRG.20 ('AATCAACAACA', 11)
STRG.20.3 gene=STRG.20 ('TTGAGCGCCGC', 11)
STRG.20.3 gene=STRG.20 ('AAGCACTGGAG', 11)
STRG.20.3 gene=STRG.20 ('TTTATTGAAAA', 11)
STRG.20.3 gene=STRG.20 ('TTGCGCACATT', 11)
STRG.20.3 gene=STRG.20 ('TGCTGCAACTC', 11)
STRG.20.3 gene=STRG.20 ('GAGCAGAAAAT', 11)
STRG.20.3 gene=STRG.20 ('AGAAAATGGAG', 11)
STRG.20.3 gene=STRG.20 ('GGAGGATTGGG', 11)
STRG.20.3 gene=STRG.20 ('ATCTTCCTGGA', 11)
STRG.20.3 gene=STRG.20 ('GCACTTTATGA', 11)
STRG.20.3 gene=STRG.20 ('GGCAACAACAA', 11)
STRG.20.3 gene=STRG.20 ('CTCCTCCTCCC', 11)
STRG.20.3 gene=STRG.20 ('CAGCAGTCAAA', 11)
STRG.20.3 gene=STRG.20 ('TAAAAATTCAG', 11)
STRG.20.3 gene=STRG.20 ('GGAACGCCGAG', 11)
STRG.20.3 gene=STRG.20 ('CCGCTTTTCCC', 11)
STRG.20.3 gene=STRG.20 ('CCGCTTTTCCC', 11)
STRG.20.3 gene=STRG.20 ('GGTTTAAAGCT', 11)
STRG.20.3 gene=STRG.20 ('GGCAGCAGAAC', 11)
STRG.20.3 gene=STRG.20 ('AGCAGCAGCAA', 11)
STRG.20.3 gene=STRG.20 ('AGCAGCAGCAA', 11)
STRG.20.3 gene=STRG.20 ('TGGCATGCAGC', 11)
STRG.20.3 gene=STRG.20 ('AATGGGTAATA', 11)
STRG.20.3 gene=STRG.20 ('TGAATCCGTAT', 11)
STRG.20.3 gene=STRG.20 ('GGCAGCTGCAG', 11)
STRG.20.3 gene=STRG.20 ('TTTATGAGAAC', 11)
STRG.20.3 gene=STRG.20 ('ACAATAAACAA', 11)
STRG.20.3 gene=STRG.20 ('AATTGCGAGAA', 11)
STRG.20.3 gene=STRG.20 ('TCATTTTAATT', 11)
STRG.20.3 gene=STRG.20 ('ATTTTCCGTTT', 11)
STRG.20.3 gene=STRG.20 ('ACATAATTAAA', 11)
STRG.20.3 gene=STRG.20 ('GCTGCTGCCGG', 11)
STRG.20.3 gene=STRG.20 ('CAACAAACAAA', 11)
STRG.20.3 gene=STRG.20 ('CAACAATAAAC', 11)
STRG.20.3 gene=STRG.20 ('GCAAATCAATC', 11)
STRG.20.3 gene=STRG.20 ('GCCAAGCTCAT', 11)
STRG.20.3 gene=STRG.20 ('ACTCAGCAGCA', 11)
STRG.20.3 gene=STRG.20 ('TGGCTTACGGA', 11)
STRG.20.3 gene=STRG.20 ('GCAACAGCAAC', 11)
STRG.20.3 gene=STRG.20 ('CAACAGCAACA', 11)
STRG.20.3 gene=STRG.20 ('CAACAGCAACA', 11)
STRG.20.3 gene=STRG.20 ('CAACAGCAACA', 11)
STRG.20.3 gene=STRG.20 ('CAACAACAACA', 11)
STRG.20.3 gene=STRG.20 ('AACAACAACAA', 11)
STRG.20.3 gene=STRG.20 ('GCAGCAACAAC', 11)
STRG.20.3 gene=STRG.20 ('GCAGCAACAAC', 11)
STRG.20.3 gene=STRG.20 ('CAGCAACAACA', 11)
STRG.20.3 gene=STRG.20 ('CAGCAACAACA', 11)
STRG.20.3 gene=STRG.20 ('CAGCAACAACA', 11)
STRG.20.3 gene=STRG.20 ('AGCAACAACAA', 11)
STRG.20.3 gene=STRG.20 ('TTAATTTGTAA', 11)
STRG.20.3 gene=STRG.20 ('CATGGACTTCA', 11)
STRG.20.3 gene=STRG.20 ('GGACAACCGCC', 11)
STRG.20.3 gene=STRG.20 ('AAGTCCTGGCG', 11)
STRG.20.3 gene=STRG.20 ('TGCACCATTGA', 11)
STRG.20.3 gene=STRG.20 ('ACAGCGGATCC', 11)
STRG.20.3 gene=STRG.20 ('CATAACAAATG', 11)
STRG.20.3 gene=STRG.20 ('AAGCGCAAGCG', 11)
STRG.20.3 gene=STRG.20 ('CAGCAACAGCA', 11)
STRG.20.3 gene=STRG.20 ('CAACAGCAGCA', 11)
STRG.20.3 gene=STRG.20 ('CAGCAGCAGCA', 11)
STRG.20.3 gene=STRG.20 ('CAGCAGCAGCA', 11)
STRG.20.3 gene=STRG.20 ('CAGCAGCAGCA', 11)
STRG.20.3 gene=STRG.20 ('AGCAGCAGCAG', 11)
STRG.20.3 gene=STRG.20 ('AGCAGCAGCAG', 11)
STRG.20.3 gene=STRG.20 ('CGCAGCAGCAG', 11)
STRG.20.3 gene=STRG.20 ('GCAGCAGCAGC', 11)
STRG.20.3 gene=STRG.20 ('GCAGCAGCAGC', 11)
STRG.20.3 gene=STRG.20 ('GCAGCAGCAGC', 11)
STRG.20.3 gene=STRG.20 ('CAGCAGCAGCA', 11)
STRG.20.3 gene=STRG.20 ('CAGCAGCAGCA', 11)
STRG.20.3 gene=STRG.20 ('AGCAGCAGCAG', 11)
STRG.20.3 gene=STRG.20 ('AGCAGCAGCAG', 11)
STRG.20.3 gene=STRG.20 ('GCAGCAGCAGC', 11)
STRG.20.3 gene=STRG.20 ('GCAGCAGCAGC', 11)
STRG.20.3 gene=STRG.20 ('GCAGCAGCAGC', 11)
STRG.20.3 gene=STRG.20 ('GCAGCAGCTGC', 11)
STRG.20.3 gene=STRG.20 ('CAGCTGCAGCA', 11)
STRG.20.3 gene=STRG.20 ('GCAGCAACAGC', 11)
STRG.20.3 gene=STRG.20 ('CAGCAACAGCA', 11)
STRG.20.3 gene=STRG.20 ('CCAGTAGCAGC', 11)
STRG.20.3 gene=STRG.20 ('AGCAGCAGCAG', 11)
STRG.20.3 gene=STRG.20 ('AGCAGCAGCAG', 11)
STRG.20.3 gene=STRG.20 ('GCAGCAGCAGC', 11)
STRG.20.3 gene=STRG.20 ('GCAGCAGCAGC', 11)
STRG.20.3 gene=STRG.20 ('CAGCAGCAGCA', 11)
STRG.20.3 gene=STRG.20 ('CAGCAGCAGCA', 11)
STRG.20.3 gene=STRG.20 ('CAGCAGCAGCA', 11)
STRG.20.3 gene=STRG.20 ('AGCAGCAGCAG', 11)
STRG.20.3 gene=STRG.20 ('AGCAGCAGCAG', 11)
STRG.20.3 gene=STRG.20 ('GCAGCAGCAGC', 11)
STRG.20.3 gene=STRG.20 ('CAGCAGCAGCA', 11)
STRG.20.3 gene=STRG.20 ('CAGCAGCAGCA', 11)
STRG.20.3 gene=STRG.20 ('CAGCAGCAGCA', 11)
STRG.20.3 gene=STRG.20 ('AGCAGCAGCAG', 11)
STRG.20.3 gene=STRG.20 ('AGCAGCAGCAG', 11)
STRG.20.3 gene=STRG.20 ('GCAGCAGCAGC', 11)
STRG.20.3 gene=STRG.20 ('GCAGCAGCAGC', 11)
STRG.20.3 gene=STRG.20 ('CAGCAGCAGCT', 11)
STRG.20.3 gene=STRG.20 ('AGGAACGCCGA', 11)
STRG.20.3 gene=STRG.20 ('TTCCCTTTCGC', 11)
STRG.20.3 gene=STRG.20 ('AAATCCAGTCA', 11)
STRG.20.3 gene=STRG.20 ('AAAAAATGGAA', 11)
STRG.20.3 gene=STRG.20 ('ATCTGAGTGGC', 11)
STRG.20.3 gene=STRG.20 ('TTCACTCTCGC', 11)
STRG.20.3 gene=STRG.20 ('AAAATGGAGCG', 11)
STRG.20.3 gene=STRG.20 ('CCCAGTCAAAC', 11)
STRG.20.3 gene=STRG.20 ('GAGCTAATTAT', 11)
STRG.20.3 gene=STRG.20 ('ACGACAGGCGG', 11)
STRG.20.3 gene=STRG.20 ('AAACAATTGCA', 11)
STRG.20.3 gene=STRG.20 ('CAGCAGAAAAG', 11)
STRG.20.3 gene=STRG.20 ('AGGCAGAGAAG', 11)
STRG.20.3 gene=STRG.20 ('GCCAGCTCGGC', 11)
STRG.20.3 gene=STRG.20 ('GTAAAAAGTCC', 11)
STRG.20.3 gene=STRG.20 ('CAATGGCCACC', 11)
STRG.20.3 gene=STRG.20 ('ACACCCACAGC', 11)
STRG.20.3 gene=STRG.20 ('GGATCTGGTTC', 11)
STRG.20.3 gene=STRG.20 ('TGACTGCGGAA', 11)
STRG.20.3 gene=STRG.20 ('TTGGCAGCTGC', 11)
STRG.20.3 gene=STRG.20 ('GCAGCGGCAGC', 11)
STRG.20.3 gene=STRG.20 ('AGATGCTTAAG', 11)
STRG.20.3 gene=STRG.20 ('ATTTCCATTCC', 11)
STRG.20.3 gene=STRG.20 ('TTCTTCTGCTT', 11)
STRG.20.3 gene=STRG.20 ('CAACAATGCAA', 11)
STRG.20.3 gene=STRG.20 ('CAGCAGACATG', 11)
STRG.20.3 gene=STRG.20 ('AACAAAGTGCT', 11)
STRG.20.3 gene=STRG.20 ('CAACAAACAAA', 11)
STRG.20.3 gene=STRG.20 ('GCAGCAACTGG', 11)
STRG.20.3 gene=STRG.20 ('TTTGGAGAAAA', 11)
STRG.20.3 gene=STRG.20 ('TGGAGAAAACG', 11)
STRG.20.3 gene=STRG.20 ('GCCGGAGAAAA', 11)
STRG.20.3 gene=STRG.20 ('TTTATTGAAAA', 11)
STRG.20.3 gene=STRG.20 ('AGGATTTTAAT', 11)
STRG.20.3 gene=STRG.20 ('TCCAGTTCTGC', 11)
STRG.20.3 gene=STRG.20 ('CAAATTGGACG', 11)
STRG.20.3 gene=STRG.20 ('ATTTTTTAATT', 11)
STRG.20.3 gene=STRG.20 ('TGGCCAGCATG', 11)
STRG.20.3 gene=STRG.20 ('GCCTCCAGCTC', 11)
STRG.20.3 gene=STRG.20 ('GCAGCTTCCGT', 11)
STRG.20.3 gene=STRG.20 ('ACCACACCCAC', 11)
STRG.20.3 gene=STRG.20 ('CTTATAATTTA', 11)
STRG.20.3 gene=STRG.20 ('GCAAGTTGCCA', 11)
STRG.20.3 gene=STRG.20 ('CTTCGATTTTG', 11)
STRG.20.3 gene=STRG.20 ('CCTGCTAAATG', 11)
STRG.20.3 gene=STRG.20 ('ATCCTCGTCCA', 11)
STRG.20.3 gene=STRG.20 ('ATAAATTGATG', 11)
STRG.20.3 gene=STRG.20 ('AAAAGAGAAAG', 11)
STRG.20.3 gene=STRG.20 ('GGTGGCAATTC', 11)
STRG.20.3 gene=STRG.20 ('CTTCTGCCTCA', 11)
STRG.20.3 gene=STRG.20 ('GCAGCTGCAGC', 11)
STRG.20.3 gene=STRG.20 ('GCTCATGGCTG', 11)
STRG.20.3 gene=STRG.20 ('TAATTTAATTG', 11)
STRG.20.3 gene=STRG.20 ('CAGCAGCAGCA', 11)
STRG.20.3 gene=STRG.20 ('CAGCAGCAGCA', 11)
STRG.20.3 gene=STRG.20 ('CAGCAGCAGCA', 11)
STRG.20.3 gene=STRG.20 ('AGCAGCAGCAG', 11)
STRG.20.3 gene=STRG.20 ('AGCAGCAGCAG', 11)
STRG.20.3 gene=STRG.20 ('GCAGCAGCAGC', 11)
STRG.20.3 gene=STRG.20 ('GCAGCAGCAGC', 11)
STRG.20.3 gene=STRG.20 ('CAGCAGCAGCA', 11)
STRG.20.3 gene=STRG.20 ('CAGCAGCAGCA', 11)
STRG.20.3 gene=STRG.20 ('CAGCAGCAGCA', 11)
STRG.20.3 gene=STRG.20 ('AGCAGCAGCAG', 11)
STRG.20.3 gene=STRG.20 ('AGCAGCAGCAG', 11)
STRG.20.3 gene=STRG.20 ('GCAGCAGCAGC', 11)
STRG.20.3 gene=STRG.20 ('GCAGCAGCAGC', 11)
STRG.20.3 gene=STRG.20 ('CAGCAGCAGCA', 11)
STRG.20.3 gene=STRG.20 ('CAGCAGCAGCA', 11)
STRG.20.3 gene=STRG.20 ('CAGCAGCAGCA', 11)
STRG.20.3 gene=STRG.20 ('AGCAGCAGCAG', 11)
STRG.20.3 gene=STRG.20 ('AGCAGCAGCAG', 11)
STRG.20.3 gene=STRG.20 ('CCAACCAGCAG', 11)
STRG.20.3 gene=STRG.20 ('AAATATATAAA', 11)
STRG.20.3 gene=STRG.20 ('TTTAAATTATT', 11)
STRG.20.3 gene=STRG.20 ('TTTAATTAAAT', 11)
STRG.20.3 gene=STRG.20 ('AATTAGTGCTT', 11)
STRG.20.3 gene=STRG.20 ('TCCTGCCCCCC', 11)
STRG.20.3 gene=STRG.20 ('AAACGTATAAT', 11)
STRG.20.3 gene=STRG.20 ('AGCAAAACAAA', 11)
STRG.20.3 gene=STRG.20 ('AGCGAATCGGG', 11)
STRG.20.3 gene=STRG.20 ('GAGAAGGAAGG', 11)
STRG.20.3 gene=STRG.20 ('GACAGAAAAAT', 11)
STRG.20.3 gene=STRG.20 ('TGCTGCAACTC', 11)
STRG.20.3 gene=STRG.20 ('CATGACTGCGG', 11)
STRG.20.3 gene=STRG.20 ('TTAATAAATTG', 11)
STRG.20.3 gene=STRG.20 ('GAAATTGGCCT', 11)
STRG.20.3 gene=STRG.20 ('GGCGACTGAAA', 11)
STRG.20.3 gene=STRG.20 ('AACAACCACAT', 11)
STRG.20.3 gene=STRG.20 ('GGCGGCTGAAG', 11)
STRG.20.3 gene=STRG.20 ('CTGGAGGCTTT', 11)
STRG.20.3 gene=STRG.20 ('GGAAGAGGGAG', 11)
STRG.20.3 gene=STRG.20 ('TCCTCGGGAGT', 11)
STRG.20.3 gene=STRG.20 ('CAGAACTTAAA', 11)
STRG.20.3 gene=STRG.20 ('AAATTTTAAAA', 11)
STRG.20.3 gene=STRG.20 ('GGAATGCCGCC', 11)
STRG.20.3 gene=STRG.20 ('AACAAAAGCAA', 11)
STRG.20.3 gene=STRG.20 ('CCGCAATGAAG', 11)
STRG.20.3 gene=STRG.20 ('CAAATCAGAAA', 11)
STRG.20.3 gene=STRG.20 ('TCTATGCCTTC', 11)
STRG.20.3 gene=STRG.20 ('ATCCCTTCCTC', 11)
STRG.20.3 gene=STRG.20 ('TTAACTGTTTT', 11)
STRG.20.3 gene=STRG.20 ('TGGCCATGTGT', 11)
STRG.20.3 gene=STRG.20 ('AAATGTGAAAG', 11)
STRG.20.3 gene=STRG.20 ('AACCAGAAGAA', 11)
STRG.20.3 gene=STRG.20 ('AAGCAGCAGAA', 11)
STRG.20.3 gene=STRG.20 ('GCGACAATCAT', 11)
STRG.20.3 gene=STRG.20 ('AAATATATAAA', 11)
STRG.20.3 gene=STRG.20 ('ATTAAATCAAT', 11)
STRG.20.3 gene=STRG.20 ('CTCAAACAACA', 11)
STRG.20.3 gene=STRG.20 ('CACTGAAACAT', 11)
STRG.20.3 gene=STRG.20 ('AGCTGCACTGG', 11)
STRG.20.3 gene=STRG.20 ('GCAGCAGCAAC', 11)
STRG.20.3 gene=STRG.20 ('GCAGCAGCAAC', 11)
STRG.20.3 gene=STRG.20 ('CAGCAGCAACA', 11)
STRG.20.3 gene=STRG.20 ('AGCAGCAACAG', 11)
STRG.20.3 gene=STRG.20 ('TGCAAAAGCAA', 11)
STRG.20.3 gene=STRG.20 ('TTTTTAATATA', 11)
STRG.20.3 gene=STRG.20 ('TCTGAGTGGCT', 11)
STRG.20.3 gene=STRG.20 ('TGCAACTGAAA', 11)
STRG.20.3 gene=STRG.20 ('GAGTGGGAAAG', 11)
STRG.20.3 gene=STRG.20 ('GGAAGTGGCAA', 11)
STRG.20.3 gene=STRG.20 ('AAGTTGCCAGC', 11)
STRG.20.3 gene=STRG.20 ('GGGCAGAGCGC', 11)
STRG.20.3 gene=STRG.20 ('TCCTCTTCCAG', 11)
STRG.20.3 gene=STRG.20 ('CGCAGCAGCAG', 11)
STRG.20.3 gene=STRG.20 ('GCAGCAGCAGC', 11)
STRG.20.3 gene=STRG.20 ('GCAGCAGCAGC', 11)
STRG.20.3 gene=STRG.20 ('CAGCAGCAGCA', 11)
STRG.20.3 gene=STRG.20 ('CAGCAGCAGCA', 11)
STRG.20.3 gene=STRG.20 ('CAGCAGCAGCA', 11)
STRG.20.3 gene=STRG.20 ('AGCAGCAGCAG', 11)
STRG.20.3 gene=STRG.20 ('AGCAGCAGCAG', 11)
STRG.20.3 gene=STRG.20 ('GCAGCAGCAGC', 11)
STRG.20.3 gene=STRG.20 ('GCAGCAGCAGC', 11)
STRG.20.3 gene=STRG.20 ('GCAGCAGCAGC', 11)
STRG.20.3 gene=STRG.20 ('CAGCAGCAGCA', 11)
STRG.20.3 gene=STRG.20 ('CAGCAGCAGCA', 11)
STRG.20.3 gene=STRG.20 ('CAGCAGCAGCA', 11)
STRG.20.3 gene=STRG.20 ('AGCAGCAGCAG', 11)
STRG.20.3 gene=STRG.20 ('AGCAGCAGCAG', 11)
STRG.20.3 gene=STRG.20 ('GCAGCAGCAGC', 11)
STRG.20.3 gene=STRG.20 ('GCAGCAGCAGC', 11)
STRG.20.3 gene=STRG.20 ('GCAGCAGCAGC', 11)
STRG.20.3 gene=STRG.20 ('CAGCAGCAGCA', 11)
STRG.20.3 gene=STRG.20 ('CAGCAGCAGCA', 11)
STRG.20.3 gene=STRG.20 ('CAGCAGCAGCA', 11)
STRG.20.3 gene=STRG.20 ('AGCAGCAGCAG', 11)
STRG.20.3 gene=STRG.20 ('AGCAGCAGCAG', 11)
STRG.20.3 gene=STRG.20 ('GCAGCAGCAGC', 11)
STRG.20.3 gene=STRG.20 ('GCAGCAGCAGC', 11)
STRG.20.3 gene=STRG.20 ('GCAGCAGCAGC', 11)
STRG.20.3 gene=STRG.20 ('GTGGTCCAGGT', 11)
STRG.20.3 gene=STRG.20 ('GTGGTCCAGGT', 11)
STRG.20.3 gene=STRG.20 ('TTGCCGTGTGT', 11)
STRG.20.3 gene=STRG.20 ('AAACAGACAGG', 11)
STRG.20.3 gene=STRG.20 ('AGCCCGAGAAT', 11)
STRG.20.3 gene=STRG.20 ('AATTGCAAAAG', 11)
STRG.20.3 gene=STRG.20 ('AGAAATTAAAT', 11)
STRG.20.3 gene=STRG.20 ('TGGGCGCATTT', 11)
STRG.20.3 gene=STRG.20 ('AAGCAGCCAAG', 11)
STRG.20.3 gene=STRG.20 ('AATCAAAGCCC', 11)
STRG.20.3 gene=STRG.20 ('AGTGGCTCCTC', 11)
STRG.20.3 gene=STRG.20 ('AATGGAGAGCG', 11)
STRG.20.3 gene=STRG.20 ('CCCCTGCAGTT', 11)
STRG.20.3 gene=STRG.20 ('TGGACAAATTT', 11)
STRG.20.3 gene=STRG.20 ('ATATATAAAAA', 11)
STRG.20.3 gene=STRG.20 ('CAACGGCTGCA', 11)
STRG.20.3 gene=STRG.20 ('ACAACAAACAA', 11)
STRG.20.3 gene=STRG.20 ('GAGCGGAGGAA', 11)
STRG.20.3 gene=STRG.20 ('GAAATCGAAAA', 11)
STRG.20.3 gene=STRG.20 ('ATAATTAAAAA', 11)
STRG.20.3 gene=STRG.20 ('TCAATAATCAT', 11)
STRG.20.3 gene=STRG.20 ('TTGTATTTGTA', 11)
STRG.20.3 gene=STRG.20 ('GACTCCTCCTC', 11)
STRG.20.3 gene=STRG.20 ('TCCGAGTGCCG', 11)
STRG.20.3 gene=STRG.20 ('CTTCTGCTTCG', 11)
STRG.20.3 gene=STRG.20 ('CACTTGTGTGT', 11)
STRG.20.3 gene=STRG.20 ('TAGCTGAAATG', 11)
STRG.20.3 gene=STRG.20 ('AATAATGTATT', 11)
STRG.20.3 gene=STRG.20 ('ATGTTGTATAC', 11)
STRG.20.3 gene=STRG.20 ('TTGTATAATTA', 11)
STRG.20.3 gene=STRG.20 ('ACTGGGTGACC', 11)
STRG.20.3 gene=STRG.20 ('CAAGGATCTGG', 11)
STRG.20.3 gene=STRG.20 ('CTGGCTCTTCG', 11)
STRG.20.3 gene=STRG.20 ('GGCCAGCATGG', 11)
STRG.20.3 gene=STRG.20 ('CCATGACTTAC', 11)
STRG.20.3 gene=STRG.20 ('CTGCAGCTGCT', 11)
STRG.20.3 gene=STRG.20 ('CCCTTCCTCTT', 11)
STRG.20.3 gene=STRG.20 ('CATTGAAGAGC', 11)
STRG.20.3 gene=STRG.20 ('CCCACACCCAA', 11)
STRG.20.3 gene=STRG.20 ('CAAATTCCTGG', 11)
STRG.20.3 gene=STRG.20 ('AGCTGTGCCCA', 11)
STRG.20.3 gene=STRG.20 ('CCCACATCCTC', 11)
STRG.20.3 gene=STRG.20 ('GAAAAGCCAAG', 11)
STRG.20.3 gene=STRG.20 ('CCCTCTTCTTC', 11)
STRG.20.3 gene=STRG.20 ('GCTGTGGCAGC', 11)
STRG.20.3 gene=STRG.20 ('GCAGCCGCCTC', 11)
STRG.20.3 gene=STRG.20 ('AACAGGATGCC', 11)
STRG.20.3 gene=STRG.20 ('ATAAAAAATAA', 11)
STRG.20.3 gene=STRG.20 ('ATAAAGGGTAA', 11)
STRG.20.3 gene=STRG.20 ('CTGCGGCTGCA', 11)
STRG.20.3 gene=STRG.20 ('ACACAAAAAAA', 11)
STRG.20.3 gene=STRG.20 ('CAAAAAAAAAG', 11)
STRG.20.3 gene=STRG.20 ('AAAAAATAAAT', 11)
STRG.20.3 gene=STRG.20 ('TAAATTTTAAA', 11)
STRG.20.3 gene=STRG.20 ('GCTTTTCCCTC', 11)
STRG.20.3 gene=STRG.20 ('TAATAAATTGA', 11)
STRG.20.1 gene=STRG.20 ('CAGCAACAGCAGCAGCA', 17)
STRG.20.1 gene=STRG.20 ('AGCAACAGCAGCAGCA', 16)
STRG.20.1 gene=STRG.20 ('AGCAGCAGCAGCTCCA', 16)
STRG.20.1 gene=STRG.20 ('AGCAGCAGCAGCTCCA', 16)
STRG.20.1 gene=STRG.20 ('GCAAATGCAACAGCA', 15)
STRG.20.1 gene=STRG.20 ('AGCTGCCGCAGCAGC', 15)
STRG.20.1 gene=STRG.20 ('CAGCTTTCCCCACA', 14)
STRG.20.1 gene=STRG.20 ('CAAATGCAACAGCA', 14)
STRG.20.1 gene=STRG.20 ('GTTCCAGTAGCAGC', 14)
STRG.20.1 gene=STRG.20 ('AGCAGCAGCAGAGT', 14)
STRG.20.1 gene=STRG.20 ('GCTGCCGCAGCAGC', 14)
STRG.20.1 gene=STRG.20 ('TCGATGGGCGCATT', 14)
STRG.20.1 gene=STRG.20 ('CCAACGGCTGCAGC', 14)
STRG.20.1 gene=STRG.20 ('GCCGCAGCCGCGG', 13)
STRG.20.1 gene=STRG.20 ('GAACTGGCGGCGA', 13)
STRG.20.1 gene=STRG.20 ('ACCACCGCCCCCC', 13)
STRG.20.1 gene=STRG.20 ('CGGCAGCTGCAGC', 13)
STRG.20.1 gene=STRG.20 ('AGCTTTCCCCACA', 13)
STRG.20.1 gene=STRG.20 ('ATGGAGCGACAGG', 13)
STRG.20.1 gene=STRG.20 ('TGGAGCGACAGGG', 13)
STRG.20.1 gene=STRG.20 ('CATAAATGCCAGC', 13)
STRG.20.1 gene=STRG.20 ('GTGGAGCAGGCGG', 13)
STRG.20.1 gene=STRG.20 ('CGCAACAGCAAAC', 13)
STRG.20.1 gene=STRG.20 ('GCAAGTGCAACAG', 13)
STRG.20.1 gene=STRG.20 ('TGTTGGGGGTGGT', 13)
STRG.20.1 gene=STRG.20 ('AAATGCAACAGCA', 13)
STRG.20.1 gene=STRG.20 ('CAACAGCAACAAC', 13)
STRG.20.1 gene=STRG.20 ('CAACAACAACAGC', 13)
STRG.20.1 gene=STRG.20 ('CAGCAACAGCAGG', 13)
STRG.20.1 gene=STRG.20 ('CAGCAACAGCAAA', 13)
STRG.20.1 gene=STRG.20 ('AGCAGCAGCAGGC', 13)
STRG.20.1 gene=STRG.20 ('AGCAGCAGCAGAG', 13)
STRG.20.1 gene=STRG.20 ('AGCAGCAGCAGAG', 13)
STRG.20.1 gene=STRG.20 ('AGCAGCAGCAGGC', 13)
STRG.20.1 gene=STRG.20 ('AGCAGCAGCAGAG', 13)
STRG.20.1 gene=STRG.20 ('AGCAGCAGCAGGC', 13)
STRG.20.1 gene=STRG.20 ('AGCAGCAGCTCCA', 13)
STRG.20.1 gene=STRG.20 ('GACTGCCGCAGCA', 13)
STRG.20.1 gene=STRG.20 ('CTGCCGCAGCAGC', 13)
STRG.20.1 gene=STRG.20 ('GTCTGCGACAGTT', 13)
STRG.20.1 gene=STRG.20 ('CACACCCACAGCA', 13)
STRG.20.1 gene=STRG.20 ('GATTTCCATTCCT', 13)
STRG.20.1 gene=STRG.20 ('CTCAGCAGCAGCA', 13)
STRG.20.1 gene=STRG.20 ('AGCAGCAGCAGAG', 13)
STRG.20.1 gene=STRG.20 ('GCAGCAGCAGCAG', 13)
STRG.20.1 gene=STRG.20 ('GCAGCAGCAGCAG', 13)
STRG.20.1 gene=STRG.20 ('GCAGCAGCAGCTG', 13)
STRG.20.1 gene=STRG.20 ('GCAGCAGCAGCAG', 13)
STRG.20.1 gene=STRG.20 ('CAGCAGCAACAGC', 13)
STRG.20.1 gene=STRG.20 ('AGCAGCAACAGGC', 13)
STRG.20.1 gene=STRG.20 ('CTGCCGCAGCAGC', 13)
STRG.20.1 gene=STRG.20 ('AGCAGCAGCAGAG', 13)
STRG.20.1 gene=STRG.20 ('AGCAGCAGCAGAG', 13)
STRG.20.1 gene=STRG.20 ('CGATGGGCGCATT', 13)
STRG.20.1 gene=STRG.20 ('GAGTGGCTCCTCT', 13)
STRG.20.1 gene=STRG.20 ('AAATGCCAGCGCA', 13)
STRG.20.1 gene=STRG.20 ('GATGGCAGTGGCA', 13)
STRG.20.1 gene=STRG.20 ('ACAAATTCCTGGC', 13)
STRG.20.1 gene=STRG.20 ('TGCTGTGGCAGCG', 13)
STRG.20.1 gene=STRG.20 ('CCAGGTGGGCAT', 12)
STRG.20.1 gene=STRG.20 ('CCGCAGCCGCGG', 12)
STRG.20.1 gene=STRG.20 ('GATCCACGGGGT', 12)
STRG.20.1 gene=STRG.20 ('AAAAACAATTGC', 12)
STRG.20.1 gene=STRG.20 ('CCACCGCCCCCC', 12)
STRG.20.1 gene=STRG.20 ('GTGTACAGAAAA', 12)
STRG.20.1 gene=STRG.20 ('CACATCACCTGA', 12)
STRG.20.1 gene=STRG.20 ('GCAGTCAACTGG', 12)
STRG.20.1 gene=STRG.20 ('TAGCCGCGCTTC', 12)
STRG.20.1 gene=STRG.20 ('TGTCGCAGCCGC', 12)
STRG.20.1 gene=STRG.20 ('AGACAACAAGCC', 12)
STRG.20.1 gene=STRG.20 ('TTTCCCCACAAA', 12)
STRG.20.1 gene=STRG.20 ('GATAAATAAATA', 12)
STRG.20.1 gene=STRG.20 ('GCTTTCCCCACA', 12)
STRG.20.1 gene=STRG.20 ('TTGCATACTTAA', 12)
STRG.20.1 gene=STRG.20 ('ATGTCAACCAGC', 12)
STRG.20.1 gene=STRG.20 ('GGAGCGACAGGG', 12)
STRG.20.1 gene=STRG.20 ('GCAACAGCAACA', 12)
STRG.20.1 gene=STRG.20 ('CAACAGCAACAG', 12)
STRG.20.1 gene=STRG.20 ('CAACAGCAACAA', 12)
STRG.20.1 gene=STRG.20 ('CAACAGCAACAA', 12)
STRG.20.1 gene=STRG.20 ('CAGCAACAACAT', 12)
STRG.20.1 gene=STRG.20 ('AGCAACAACAGA', 12)
STRG.20.1 gene=STRG.20 ('TGCATTAGCTGC', 12)
STRG.20.1 gene=STRG.20 ('AATGAAGATGAA', 12)
STRG.20.1 gene=STRG.20 ('ACAGCCCCAATA', 12)
STRG.20.1 gene=STRG.20 ('ATAAATGCCAGC', 12)
STRG.20.1 gene=STRG.20 ('CGCACTTTATGA', 12)
STRG.20.1 gene=STRG.20 ('GACTGCTTTCCT', 12)
STRG.20.1 gene=STRG.20 ('CCAGCAGTCAAA', 12)
STRG.20.1 gene=STRG.20 ('TGGAGCAGGCGG', 12)
STRG.20.1 gene=STRG.20 ('TGGGCCAAAAAG', 12)
STRG.20.1 gene=STRG.20 ('GCAACAGCAAAC', 12)
STRG.20.1 gene=STRG.20 ('CGGCAGCTGCAG', 12)
STRG.20.1 gene=STRG.20 ('GTGACAAATTTT', 12)
STRG.20.1 gene=STRG.20 ('CAAGTGCAACAG', 12)
STRG.20.1 gene=STRG.20 ('CAAATTGCGAGA', 12)
STRG.20.1 gene=STRG.20 ('AAATTGCGAGAA', 12)
STRG.20.1 gene=STRG.20 ('GTTGGGGGTGGT', 12)
STRG.20.1 gene=STRG.20 ('TCAGCAGCAGGA', 12)
STRG.20.1 gene=STRG.20 ('AATGCAACAGCA', 12)
STRG.20.1 gene=STRG.20 ('CAACAGCAACAG', 12)
STRG.20.1 gene=STRG.20 ('CAACAACAACAA', 12)
STRG.20.1 gene=STRG.20 ('CAACAACAACAG', 12)
STRG.20.1 gene=STRG.20 ('CAACAACAACAG', 12)
STRG.20.1 gene=STRG.20 ('AGCAACAACAAG', 12)
STRG.20.1 gene=STRG.20 ('AGCAACAACAAC', 12)
STRG.20.1 gene=STRG.20 ('AGCAACAACAAC', 12)
STRG.20.1 gene=STRG.20 ('GCAACAACAAAC', 12)
STRG.20.1 gene=STRG.20 ('TCGCCGCAATGC', 12)
STRG.20.1 gene=STRG.20 ('AGCAACAGCAGG', 12)
STRG.20.1 gene=STRG.20 ('AGCAGCAGCAGG', 12)
STRG.20.1 gene=STRG.20 ('CAGCAGCAGCAC', 12)
STRG.20.1 gene=STRG.20 ('CAGCAGCAGCAA', 12)
STRG.20.1 gene=STRG.20 ('GCAGCTGCAGCA', 12)
STRG.20.1 gene=STRG.20 ('AGCAGCAGCAGC', 12)
STRG.20.1 gene=STRG.20 ('GCAGCAGCAGCC', 12)
STRG.20.1 gene=STRG.20 ('GCAGCAGCAGCC', 12)
STRG.20.1 gene=STRG.20 ('CAGCAGCAGCAC', 12)
STRG.20.1 gene=STRG.20 ('CAGCAGCAGCAA', 12)
STRG.20.1 gene=STRG.20 ('GCAGCAGCAGCC', 12)
STRG.20.1 gene=STRG.20 ('GCAGCAGCTCCA', 12)
STRG.20.1 gene=STRG.20 ('TTGGGGAGCGGC', 12)
STRG.20.1 gene=STRG.20 ('CGACCAAATCTG', 12)
STRG.20.1 gene=STRG.20 ('ACTGCCGCAGCA', 12)
STRG.20.1 gene=STRG.20 ('TGCCGCAGCAGC', 12)
STRG.20.1 gene=STRG.20 ('GCCAGGAATGTA', 12)
STRG.20.1 gene=STRG.20 ('TTTGATGTGTGT', 12)
STRG.20.1 gene=STRG.20 ('TCTGCGACAGTT', 12)
STRG.20.1 gene=STRG.20 ('CAGCAGCAATTT', 12)
STRG.20.1 gene=STRG.20 ('AAACAAAGTGCT', 12)
STRG.20.1 gene=STRG.20 ('AGTTTTCTTGGT', 12)
STRG.20.1 gene=STRG.20 ('CACATCCGCAGC', 12)
STRG.20.1 gene=STRG.20 ('AGCAGCAGCAGC', 12)
STRG.20.1 gene=STRG.20 ('GCAGCAGCAGCT', 12)
STRG.20.1 gene=STRG.20 ('GCAGCAGCAGCT', 12)
STRG.20.1 gene=STRG.20 ('TTTTAATTAAAT', 12)
STRG.20.1 gene=STRG.20 ('AAGAAGCATTTA', 12)
STRG.20.1 gene=STRG.20 ('GACTTTAACATC', 12)
STRG.20.1 gene=STRG.20 ('CAAAGCTGGTGG', 12)
STRG.20.1 gene=STRG.20 ('AAATTTGCTGCT', 12)
STRG.20.1 gene=STRG.20 ('TTTGGCGCCCAA', 12)
STRG.20.1 gene=STRG.20 ('AACCAGAAGAAC', 12)
STRG.20.1 gene=STRG.20 ('CAGCAGCAACAT', 12)
STRG.20.1 gene=STRG.20 ('AGCAGCAACAGT', 12)
STRG.20.1 gene=STRG.20 ('AGCAGCAACAGC', 12)
STRG.20.1 gene=STRG.20 ('AGCAGCAACAGC', 12)
STRG.20.1 gene=STRG.20 ('ATAAATTGGCCA', 12)
STRG.20.1 gene=STRG.20 ('TGCCGCAGCAGC', 12)
STRG.20.1 gene=STRG.20 ('AGCAGCAGCAGC', 12)
STRG.20.1 gene=STRG.20 ('AGCAGCAGCAGC', 12)
STRG.20.1 gene=STRG.20 ('AGCAGCAGCAGG', 12)
STRG.20.1 gene=STRG.20 ('AGCAGCAGCAGG', 12)
STRG.20.1 gene=STRG.20 ('GCAGCAGAGCAT', 12)
STRG.20.1 gene=STRG.20 ('GAAAGTGGAAAG', 12)
STRG.20.1 gene=STRG.20 ('GATGGGCGCATT', 12)
STRG.20.1 gene=STRG.20 ('GAAATGCACAAA', 12)
STRG.20.1 gene=STRG.20 ('TGCGAGTGGCGA', 12)
STRG.20.1 gene=STRG.20 ('ATGCTGCAAATG', 12)
STRG.20.1 gene=STRG.20 ('AATGCCAGCGCA', 12)
STRG.20.1 gene=STRG.20 ('GGTGCCCACCAG', 12)
STRG.20.1 gene=STRG.20 ('GGAAATCATCAA', 12)
STRG.20.1 gene=STRG.20 ('CACATGCAGCAA', 12)
STRG.20.1 gene=STRG.20 ('ATGGCAGTGGCA', 12)
STRG.20.1 gene=STRG.20 ('TTCTTCTGCTTC', 12)
STRG.20.1 gene=STRG.20 ('TTTAGCTGAAAT', 12)
STRG.20.1 gene=STRG.20 ('ATATGTTGTATA', 12)
STRG.20.1 gene=STRG.20 ('CGCCGCACCACC', 12)
STRG.20.1 gene=STRG.20 ('GAAATTGCTGCA', 12)
STRG.20.1 gene=STRG.20 ('CAAACTGGCAGC', 12)
STRG.20.1 gene=STRG.20 ('AATGCCAGCGCA', 12)
STRG.20.1 gene=STRG.20 ('GTTTGGCTGGC', 11)
STRG.20.1 gene=STRG.20 ('TTTGGCTGGCT', 11)
STRG.20.1 gene=STRG.20 ('AATCGAAAAGG', 11)
STRG.20.1 gene=STRG.20 ('ATCGAAAAGGA', 11)
STRG.20.1 gene=STRG.20 ('GCTAATGGCGC', 11)
STRG.20.1 gene=STRG.20 ('GCCCAGGTGGG', 11)
STRG.20.1 gene=STRG.20 ('CAGGTGGGCAT', 11)
STRG.20.1 gene=STRG.20 ('CCGCAAATGAA', 11)
STRG.20.1 gene=STRG.20 ('AAACACGAAAC', 11)
STRG.20.1 gene=STRG.20 ('CGCAGCCGCGG', 11)
STRG.20.1 gene=STRG.20 ('GGACCAAGTTC', 11)
STRG.20.1 gene=STRG.20 ('GACCAAGTTCA', 11)
STRG.20.1 gene=STRG.20 ('ACCAAGTTCAA', 11)
STRG.20.1 gene=STRG.20 ('CCAAGTTCAAA', 11)
STRG.20.1 gene=STRG.20 ('AAGGCGGCAGC', 11)
STRG.20.1 gene=STRG.20 ('TGCAGGACCTT', 11)
STRG.20.1 gene=STRG.20 ('TTCTGCAGCTG', 11)
STRG.20.1 gene=STRG.20 ('TCTGCAGCTGC', 11)
STRG.20.1 gene=STRG.20 ('TGCGAGAAGTC', 11)
STRG.20.1 gene=STRG.20 ('GGAGGAACTGG', 11)
STRG.20.1 gene=STRG.20 ('GGAACTGGCGG', 11)
STRG.20.1 gene=STRG.20 ('AACTGGCGGCG', 11)
STRG.20.1 gene=STRG.20 ('TGCACTGCAGC', 11)
STRG.20.1 gene=STRG.20 ('ATGCCAGCTTC', 11)
STRG.20.1 gene=STRG.20 ('GCATCCGGAGG', 11)
STRG.20.1 gene=STRG.20 ('ATCCACGGGGT', 11)
STRG.20.1 gene=STRG.20 ('GACGTCAAGGT', 11)
STRG.20.1 gene=STRG.20 ('AGAAGAAGATG', 11)
STRG.20.1 gene=STRG.20 ('CACATGGGAAT', 11)
STRG.20.1 gene=STRG.20 ('ATCTGAGTGGC', 11)
STRG.20.1 gene=STRG.20 ('GTTCCTGATGG', 11)
STRG.20.1 gene=STRG.20 ('GAAAAGTTTGG', 11)
STRG.20.1 gene=STRG.20 ('AGCAAAAGTGG', 11)
STRG.20.1 gene=STRG.20 ('GCAAAAGTGGT', 11)
STRG.20.1 gene=STRG.20 ('AGAACCCCAAT', 11)
STRG.20.1 gene=STRG.20 ('CAAGAAGGAGA', 11)
STRG.20.1 gene=STRG.20 ('GCCCAAGGATC', 11)
STRG.20.1 gene=STRG.20 ('GAAGCAACAAC', 11)
STRG.20.1 gene=STRG.20 ('GCGGGTTTAAA', 11)
STRG.20.1 gene=STRG.20 ('AATGGGAGCAG', 11)
STRG.20.1 gene=STRG.20 ('ATGAGCAGCAA', 11)
STRG.20.1 gene=STRG.20 ('TGAGCAGCAAT', 11)
STRG.20.1 gene=STRG.20 ('GAGCAGCAATG', 11)
STRG.20.1 gene=STRG.20 ('AACAACAACAA', 11)
STRG.20.1 gene=STRG.20 ('AACAACAACAA', 11)
STRG.20.1 gene=STRG.20 ('CAACAACAAGA', 11)
STRG.20.1 gene=STRG.20 ('AGGAATGTGAA', 11)
STRG.20.1 gene=STRG.20 ('CGGAGGAACGG', 11)
STRG.20.1 gene=STRG.20 ('GGAGGAACGGA', 11)
STRG.20.1 gene=STRG.20 ('AATCTTGCAGG', 11)
STRG.20.1 gene=STRG.20 ('TTAAATCTTCT', 11)
STRG.20.1 gene=STRG.20 ('TGCCGTGGCCT', 11)
STRG.20.1 gene=STRG.20 ('CCGGAGCGTCC', 11)
STRG.20.1 gene=STRG.20 ('GCAAATGATGA', 11)
STRG.20.1 gene=STRG.20 ('CAACAAACGCA', 11)
STRG.20.1 gene=STRG.20 ('TCGCTGGCTGC', 11)
STRG.20.1 gene=STRG.20 ('AAGAAAAACAA', 11)
STRG.20.1 gene=STRG.20 ('AGAAAAACAAT', 11)
STRG.20.1 gene=STRG.20 ('GAAAAACAATT', 11)
STRG.20.1 gene=STRG.20 ('AAAACAATTGC', 11)
STRG.20.1 gene=STRG.20 ('AGCGAAGTGGA', 11)
STRG.20.1 gene=STRG.20 ('CGAATTCGCAC', 11)
STRG.20.1 gene=STRG.20 ('CCACCGCCCCC', 11)
STRG.20.1 gene=STRG.20 ('CACCGCCCCCC', 11)
STRG.20.1 gene=STRG.20 ('CACCGCCCCCC', 11)
STRG.20.1 gene=STRG.20 ('ACAATTTATTT', 11)
STRG.20.1 gene=STRG.20 ('GGATGGAAATG', 11)
STRG.20.1 gene=STRG.20 ('TATTTATATAA', 11)
STRG.20.1 gene=STRG.20 ('ATTTATATAAT', 11)
STRG.20.1 gene=STRG.20 ('TTTATATAATT', 11)
STRG.20.1 gene=STRG.20 ('TAAACAAAACA', 11)
STRG.20.1 gene=STRG.20 ('ATGCTGCAAAT', 11)
STRG.20.1 gene=STRG.20 ('TGTACAGAAAA', 11)
STRG.20.1 gene=STRG.20 ('CCAAACCCAAT', 11)
STRG.20.1 gene=STRG.20 ('TACAGGAACTG', 11)
STRG.20.1 gene=STRG.20 ('AGAAAACTGTT', 11)
STRG.20.1 gene=STRG.20 ('AGATGCGGATG', 11)
STRG.20.1 gene=STRG.20 ('AAATTTGCTGC', 11)
STRG.20.1 gene=STRG.20 ('TTTATTTTGAG', 11)
STRG.20.1 gene=STRG.20 ('ACATCACCTGA', 11)
STRG.20.1 gene=STRG.20 ('CAGCAATTGAA', 11)
STRG.20.1 gene=STRG.20 ('GGATCCAAAGT', 11)
STRG.20.1 gene=STRG.20 ('CAGTCAACTGG', 11)
STRG.20.1 gene=STRG.20 ('AGCCGCGCTTC', 11)
STRG.20.1 gene=STRG.20 ('GTTCAGCAAGC', 11)
STRG.20.1 gene=STRG.20 ('GTAATTTTGAT', 11)
STRG.20.1 gene=STRG.20 ('GGTTCCGCATA', 11)
STRG.20.1 gene=STRG.20 ('TCTGCAGCTGC', 11)
STRG.20.1 gene=STRG.20 ('TGCAGCTGCAG', 11)
STRG.20.1 gene=STRG.20 ('TGCAAACTCCT', 11)
STRG.20.1 gene=STRG.20 ('CCCATTCGCCC', 11)
STRG.20.1 gene=STRG.20 ('CCTTCCCTGAC', 11)
STRG.20.1 gene=STRG.20 ('CTTCCCTGACC', 11)
STRG.20.1 gene=STRG.20 ('AAAAGCCAAGT', 11)
STRG.20.1 gene=STRG.20 ('TTTTGACAACG', 11)
STRG.20.1 gene=STRG.20 ('CTCAGTCGCTG', 11)
STRG.20.1 gene=STRG.20 ('GTCGCAGCCGC', 11)
STRG.20.1 gene=STRG.20 ('CACGGAGGAAA', 11)
STRG.20.1 gene=STRG.20 ('AGACAACACAG', 11)
STRG.20.1 gene=STRG.20 ('GACAACAAGCC', 11)
STRG.20.1 gene=STRG.20 ('CCAGTTCGAGT', 11)
STRG.20.1 gene=STRG.20 ('TTCCCCACAAA', 11)
STRG.20.1 gene=STRG.20 ('AACAAACAAAA', 11)
STRG.20.1 gene=STRG.20 ('TTCCAAACCCA', 11)
STRG.20.1 gene=STRG.20 ('ATAAATAAATA', 11)
STRG.20.1 gene=STRG.20 ('ATCTGGCGCAT', 11)
STRG.20.1 gene=STRG.20 ('CCTGCCCCCCG', 11)
STRG.20.1 gene=STRG.20 ('TGTGGCCATCT', 11)
STRG.20.1 gene=STRG.20 ('GGCAGCTGCAG', 11)
STRG.20.1 gene=STRG.20 ('TGCAGCTGCTG', 11)
STRG.20.1 gene=STRG.20 ('CTTTCCCCACA', 11)
STRG.20.1 gene=STRG.20 ('TTGCACCAAAG', 11)
STRG.20.1 gene=STRG.20 ('AATGATTCCTC', 11)
STRG.20.1 gene=STRG.20 ('TGCATACTTAA', 11)
STRG.20.1 gene=STRG.20 ('GCATACTTAAT', 11)
STRG.20.1 gene=STRG.20 ('TGTCAACCAGC', 11)
STRG.20.1 gene=STRG.20 ('CAACCAGCAAC', 11)
STRG.20.1 gene=STRG.20 ('ACAGATGTCAA', 11)
STRG.20.1 gene=STRG.20 ('AAAAAAAAAGC', 11)
STRG.20.1 gene=STRG.20 ('AAAAAAAAGCA', 11)
STRG.20.1 gene=STRG.20 ('AAAAAATGGAA', 11)
STRG.20.1 gene=STRG.20 ('CTGCAGCTGCT', 11)
STRG.20.1 gene=STRG.20 ('TGGACGAGGAG', 11)
STRG.20.1 gene=STRG.20 ('AGTGGAGCCAG', 11)
STRG.20.1 gene=STRG.20 ('GTGGAGCCAGC', 11)
STRG.20.1 gene=STRG.20 ('AATGGAGCGAC', 11)
STRG.20.1 gene=STRG.20 ('GAGCGACAGGG', 11)
STRG.20.1 gene=STRG.20 ('AGCGACAGGGA', 11)
STRG.20.1 gene=STRG.20 ('CATTTTGACAA', 11)
STRG.20.1 gene=STRG.20 ('AAACCATTTTC', 11)
STRG.20.1 gene=STRG.20 ('AACCATTTTCC', 11)
STRG.20.1 gene=STRG.20 ('CATAATTAAAA', 11)
STRG.20.1 gene=STRG.20 ('AATTCAAATGC', 11)
STRG.20.1 gene=STRG.20 ('AGCAGGTGGAA', 11)
STRG.20.1 gene=STRG.20 ('GCAGGTGGAAA', 11)
STRG.20.1 gene=STRG.20 ('TAATTATTTAT', 11)
STRG.20.1 gene=STRG.20 ('GCAACAGCAAC', 11)
STRG.20.1 gene=STRG.20 ('CAACAGCAACA', 11)
STRG.20.1 gene=STRG.20 ('CAACAGCAACA', 11)
STRG.20.1 gene=STRG.20 ('AACAGCAACAA', 11)
STRG.20.1 gene=STRG.20 ('AACAGCAACAA', 11)
STRG.20.1 gene=STRG.20 ('ACAGCAACAAC', 11)
STRG.20.1 gene=STRG.20 ('ACAGCAACAAC', 11)
STRG.20.1 gene=STRG.20 ('ACAGCAACAAC', 11)
STRG.20.1 gene=STRG.20 ('CAGCAACAACA', 11)
STRG.20.1 gene=STRG.20 ('CAGCAACAACA', 11)
STRG.20.1 gene=STRG.20 ('CAGCAACAACA', 11)
STRG.20.1 gene=STRG.20 ('CAGCAACAACA', 11)
STRG.20.1 gene=STRG.20 ('CAGCAACAACA', 11)
STRG.20.1 gene=STRG.20 ('CAGCAACAACA', 11)
STRG.20.1 gene=STRG.20 ('CAGCAACAACA', 11)
STRG.20.1 gene=STRG.20 ('CAGCAACAACA', 11)
STRG.20.1 gene=STRG.20 ('CAGCAACAACA', 11)
STRG.20.1 gene=STRG.20 ('CAGCAACAACA', 11)
STRG.20.1 gene=STRG.20 ('AGCAACAACAG', 11)
STRG.20.1 gene=STRG.20 ('AGCAACAACAG', 11)
STRG.20.1 gene=STRG.20 ('AGCAACAACAG', 11)
STRG.20.1 gene=STRG.20 ('AGCAACAACAG', 11)
STRG.20.1 gene=STRG.20 ('AGCAACAACAG', 11)
STRG.20.1 gene=STRG.20 ('AGCAACAACAG', 11)
STRG.20.1 gene=STRG.20 ('AGCAACAACAG', 11)
STRG.20.1 gene=STRG.20 ('GCAACAACAGA', 11)
STRG.20.1 gene=STRG.20 ('CAACAACAGAA', 11)
